#
# There is insufficient memory for the Java Runtime Environment to continue.
# Native memory allocation (mmap) failed to map 266338304 bytes. Error detail: G1 virtual space
# Possible reasons:
#   The system is out of physical RAM or swap space
#   This process is running with CompressedOops enabled, and the Java Heap may be blocking the growth of the native heap
# Possible solutions:
#   Reduce memory load on the system
#   Increase physical memory or swap space
#   Check if swap backing store is full
#   Decrease Java heap size (-Xmx/-Xms)
#   Decrease number of Java threads
#   Decrease Java thread stack sizes (-Xss)
#   Set larger code cache with -XX:ReservedCodeCacheSize=
#   JVM is running with Zero Based Compressed Oops mode in which the Java heap is
#     placed in the first 32GB address space. The Java Heap base address is the
#     maximum limit for the native heap growth. Please use -XX:HeapBaseMinAddress
#     to set the Java Heap base and to place the Java Heap above 32GB virtual address.
# This output file may be truncated or incomplete.
#
#  Out of Memory Error (os_windows.cpp:3925), pid=85932, tid=109996
#
# JRE version:  (21.0.9) (build )
# Java VM: OpenJDK 64-Bit Server VM (21.0.9+-14787801-b1163.94, mixed mode, sharing, tiered, compressed oops, compressed class ptrs, g1 gc, windows-amd64)
# No core dump will be written. Minidumps are not enabled by default on client versions of Windows
#

---------------  S U M M A R Y ------------

Command Line: 

Host: 11th Gen Intel(R) Core(TM) i7-1185G7 @ 3.00GHz, 8 cores, 15G,  Windows 11 , 64 bit Build 26100 (10.0.26100.7920)
Time: Fri Mar  6 07:49:01 2026 Pacific Standard Time elapsed time: 0.015175 seconds (0d 0h 0m 0s)

---------------  T H R E A D  ---------------

Current thread (0x000002a24df20190):  JavaThread "Unknown thread" [_thread_in_vm, id=109996, stack(0x000000c166100000,0x000000c166200000) (1024K)]

Stack: [0x000000c166100000,0x000000c166200000]
Native frames: (J=compiled Java code, j=interpreted, Vv=VM code, C=native code)
V  [jvm.dll+0x6d6c99]
V  [jvm.dll+0x866b83]
V  [jvm.dll+0x8691ae]
V  [jvm.dll+0x869893]
V  [jvm.dll+0x280776]
V  [jvm.dll+0x6d3555]
V  [jvm.dll+0x6c6bea]
V  [jvm.dll+0x3587fb]
V  [jvm.dll+0x360476]
V  [jvm.dll+0x3b2646]
V  [jvm.dll+0x3b2918]
V  [jvm.dll+0x32af0c]
V  [jvm.dll+0x32bbfb]
V  [jvm.dll+0x82e839]
V  [jvm.dll+0x3bf818]
V  [jvm.dll+0x8179d8]
V  [jvm.dll+0x453cbe]
V  [jvm.dll+0x455421]
C  [jli.dll+0x52ab]
C  [ucrtbase.dll+0x37b0]
C  [KERNEL32.DLL+0x2e8d7]
C  [ntdll.dll+0x8c48c]


---------------  P R O C E S S  ---------------

Threads class SMR info:
_java_thread_list=0x00007ff829c8b988, length=0, elements={
}

Java Threads: ( => current thread )
Total: 0

Other Threads:
  0x000002a2503c1720 WorkerThread "GC Thread#0"                     [id=109952, stack(0x000000c166200000,0x000000c166300000) (1024K)]
  0x000002a2503d32c0 ConcurrentGCThread "G1 Main Marker"            [id=116076, stack(0x000000c166300000,0x000000c166400000) (1024K)]
  0x000002a2503d3dc0 WorkerThread "G1 Conc#0"                       [id=71296, stack(0x000000c166400000,0x000000c166500000) (1024K)]

[error occurred during error reporting (printing all threads), id 0xc0000005, EXCEPTION_ACCESS_VIOLATION (0xc0000005) at pc=0x00007ff82947dee7]
VM state: not at safepoint (not fully initialized)

VM Mutex/Monitor currently owned by a thread:  ([mutex/lock_event])
[0x00007ff829cf8790] Heap_lock - owner thread: 0x000002a24df20190

Heap address: 0x0000000702800000, size: 4056 MB, Compressed Oops mode: Zero based, Oop shift amount: 3

CDS archive(s) mapped at: [0x0000000000000000-0x0000000000000000-0x0000000000000000), size 0, SharedBaseAddress: 0x0000000800000000, ArchiveRelocationMode: 1.
Narrow klass base: 0x0000000000000000, Narrow klass shift: 0, Narrow klass range: 0x0

GC Precious Log:
 CardTable entry size: 512
 Card Set container configuration: InlinePtr #cards 4 size 8 Array Of Cards #cards 16 size 48 Howl #buckets 8 coarsen threshold 3686 Howl Bitmap #cards 512 size 80 coarsen threshold 460 Card regions per heap region 1 cards per card region 4096

Heap:
 garbage-first heap   total 0K, used 0K [0x0000000702800000, 0x0000000800000000)
  region size 2048K, 0 young (0K), 0 survivors (0K)
 Metaspace       used 0K, committed 0K, reserved 0K
  class space    used 0K, committed 0K, reserved 0K

Heap Regions: E=young(eden), S=young(survivor), O=old, HS=humongous(starts), HC=humongous(continues), CS=collection set, F=free, TAMS=top-at-mark-start, PB=parsable bottom

Card table byte_map: [0x000002a262fe0000,0x000002a2637d0000] _byte_map_base: 0x000002a25f7cc000

Marking Bits: (CMBitMap*) 0x000002a2503c1e20
 Bits: [0x000002a2637d0000, 0x000002a267730000)

GC Heap History (0 events):
No events

Dll operation events (1 events):
Event: 0.010 Loaded shared library C:\Program Files\Android\Android Studio\jbr\bin\java.dll

Deoptimization events (0 events):
No events

Classes loaded (0 events):
No events

Classes unloaded (0 events):
No events

Classes redefined (0 events):
No events

Internal exceptions (0 events):
No events

ZGC Phase Switch (0 events):
No events

VM Operations (0 events):
No events

Memory protections (0 events):
No events

Nmethod flushes (0 events):
No events

Events (0 events):
No events


Dynamic libraries:
0x00007ff60b980000 - 0x00007ff60b98a000 	C:\Program Files\Android\Android Studio\jbr\bin\java.EXE
0x00007ff945ce0000 - 0x00007ff945f47000 	C:\WINDOWS\SYSTEM32\ntdll.dll
0x00007ff944960000 - 0x00007ff944a29000 	C:\WINDOWS\System32\KERNEL32.DLL
0x00007ff943510000 - 0x00007ff943901000 	C:\WINDOWS\System32\KERNELBASE.dll
0x00007ff9425c0000 - 0x00007ff94270b000 	C:\WINDOWS\System32\ucrtbase.dll
0x00007ff9140a0000 - 0x00007ff9140bb000 	C:\Program Files\Android\Android Studio\jbr\bin\VCRUNTIME140.dll
0x00007ff90d370000 - 0x00007ff90d388000 	C:\Program Files\Android\Android Studio\jbr\bin\jli.dll
0x00007ff944c20000 - 0x00007ff944de5000 	C:\WINDOWS\System32\USER32.dll
0x00007ff942840000 - 0x00007ff942867000 	C:\WINDOWS\System32\win32u.dll
0x00007ff91c3c0000 - 0x00007ff91c653000 	C:\WINDOWS\WinSxS\amd64_microsoft.windows.common-controls_6595b64144ccf1df_6.0.26100.7922_none_3e089e1ee3342171\COMCTL32.dll
0x00007ff944a30000 - 0x00007ff944a5b000 	C:\WINDOWS\System32\GDI32.dll
0x00007ff943a80000 - 0x00007ff943b29000 	C:\WINDOWS\System32\msvcrt.dll
0x00007ff942710000 - 0x00007ff94283a000 	C:\WINDOWS\System32\gdi32full.dll
0x00007ff942a70000 - 0x00007ff942b13000 	C:\WINDOWS\System32\msvcp_win.dll
0x00007ff944000000 - 0x00007ff944031000 	C:\WINDOWS\System32\IMM32.DLL
0x00007ff93c330000 - 0x00007ff93c33c000 	C:\Program Files\Android\Android Studio\jbr\bin\vcruntime140_1.dll
0x00007ff908680000 - 0x00007ff90870d000 	C:\Program Files\Android\Android Studio\jbr\bin\msvcp140.dll
0x00007ff829140000 - 0x00007ff829dd6000 	C:\Program Files\Android\Android Studio\jbr\bin\server\jvm.dll
0x00007ff943e60000 - 0x00007ff943f1b000 	C:\WINDOWS\System32\ADVAPI32.dll
0x00007ff943db0000 - 0x00007ff943e57000 	C:\WINDOWS\System32\sechost.dll
0x00007ff944100000 - 0x00007ff944218000 	C:\WINDOWS\System32\RPCRT4.dll
0x00007ff945560000 - 0x00007ff9455d4000 	C:\WINDOWS\System32\WS2_32.dll
0x00007ff942420000 - 0x00007ff94247e000 	C:\WINDOWS\SYSTEM32\POWRPROF.dll
0x00007ff939730000 - 0x00007ff939765000 	C:\WINDOWS\SYSTEM32\WINMM.dll
0x00007ff93b9a0000 - 0x00007ff93b9ab000 	C:\WINDOWS\SYSTEM32\VERSION.dll
0x00007ff942400000 - 0x00007ff942414000 	C:\WINDOWS\SYSTEM32\UMPDC.dll
0x00007ff941350000 - 0x00007ff94136b000 	C:\WINDOWS\SYSTEM32\kernel.appcore.dll
0x00007ff923170000 - 0x00007ff92317a000 	C:\Program Files\Android\Android Studio\jbr\bin\jimage.dll
0x00007ff9403a0000 - 0x00007ff9405e2000 	C:\WINDOWS\SYSTEM32\DBGHELP.DLL
0x00007ff945910000 - 0x00007ff945c92000 	C:\WINDOWS\System32\combase.dll
0x00007ff943f20000 - 0x00007ff943ff7000 	C:\WINDOWS\System32\OLEAUT32.dll
0x00007ff9268b0000 - 0x00007ff9268eb000 	C:\WINDOWS\SYSTEM32\dbgcore.DLL
0x00007ff9429c0000 - 0x00007ff942a65000 	C:\WINDOWS\System32\bcryptPrimitives.dll
0x00007ff914080000 - 0x00007ff9140a0000 	C:\Program Files\Android\Android Studio\jbr\bin\java.dll

JVMTI agents: none

dbghelp: loaded successfully - version: 4.0.5 - missing functions: none
symbol engine: initialized successfully - sym options: 0x614 - pdb path: .;C:\Program Files\Android\Android Studio\jbr\bin;C:\WINDOWS\SYSTEM32;C:\WINDOWS\WinSxS\amd64_microsoft.windows.common-controls_6595b64144ccf1df_6.0.26100.7922_none_3e089e1ee3342171;C:\Program Files\Android\Android Studio\jbr\bin\server

VM Arguments:
java_command: <unknown>
java_class_path (initial): <not set>
Launcher Type: SUN_STANDARD

[Global flags]
     intx CICompilerCount                          = 4                                         {product} {ergonomic}
     uint ConcGCThreads                            = 2                                         {product} {ergonomic}
     uint G1ConcRefinementThreads                  = 8                                         {product} {ergonomic}
   size_t G1HeapRegionSize                         = 2097152                                   {product} {ergonomic}
    uintx GCDrainStackTargetSize                   = 64                                        {product} {ergonomic}
   size_t InitialHeapSize                          = 266338304                                 {product} {ergonomic}
   size_t MarkStackSize                            = 4194304                                   {product} {ergonomic}
   size_t MaxHeapSize                              = 4253024256                                {product} {ergonomic}
   size_t MinHeapDeltaBytes                        = 2097152                                   {product} {ergonomic}
   size_t MinHeapSize                              = 8388608                                   {product} {ergonomic}
    uintx NonNMethodCodeHeapSize                   = 5839372                                {pd product} {ergonomic}
    uintx NonProfiledCodeHeapSize                  = 122909434                              {pd product} {ergonomic}
    uintx ProfiledCodeHeapSize                     = 122909434                              {pd product} {ergonomic}
    uintx ReservedCodeCacheSize                    = 251658240                              {pd product} {ergonomic}
     bool SegmentedCodeCache                       = true                                      {product} {ergonomic}
   size_t SoftMaxHeapSize                          = 4253024256                             {manageable} {ergonomic}
     bool UseCompressedOops                        = true                           {product lp64_product} {ergonomic}
     bool UseG1GC                                  = true                                      {product} {ergonomic}
     bool UseLargePagesIndividualAllocation        = false                                  {pd product} {ergonomic}

Logging:
Log output configuration:
 #0: stdout all=warning uptime,level,tags foldmultilines=false
 #1: stderr all=off uptime,level,tags foldmultilines=false

Release file:
<release file has not been read>
Environment Variables:
JAVA_HOME=C:/Program Files/Android/Android Studio/jbr
PATH=C:\Program Files\Git\mingw64\bin;C:\Program Files\Git\usr\bin;C:\Users\Dan Maeon\bin;C:\Users\Dan Maeon\AppData\Roaming\uv\python\cpython-3.14-windows-x86_64-none\Scripts;C:\Users\Dan Maeon\AppData\Local\Programs\Microsoft VS Code;C:\Program Files\NVIDIA GPU Computing Toolkit\CUDA\v12.8\bin;C:\Program Files\NVIDIA GPU Computing Toolkit\CUDA\v12.8\libnvvp;C:\WINDOWS\system32;C:\WINDOWS;C:\WINDOWS\System32\Wbem;C:\WINDOWS\System32\WindowsPowerShell\v1.0;C:\WINDOWS\System32\OpenSSH;C:\Program Files\NVIDIA Corporation\Nsight Compute 2025.1.1;C:\Program Files (x86)\NVIDIA Corporation\PhysX\Common;C:\Program Files\dotnet;C:\Program Files\Git\cmd;C:\Users\Dan Maeon\.local\bin;C:\Users\Dan Maeon\AppData\Local\Microsoft\WindowsApps;C:\Users\Dan Maeon\AppData\Local\GitHubDesktop\bin;C:\Users\Dan Maeon\AppData\Local\Programs\Microsoft VS Code\bin;C:\Program Files\Git\usr\bin
USERNAME=Dan Maeon
SHELL=C:\Program Files\Git\bin\bash.exe
TERM=xterm-256color
OS=Windows_NT
PROCESSOR_IDENTIFIER=Intel64 Family 6 Model 140 Stepping 1, GenuineIntel
TMP=C:\Users\DANMAE~1\AppData\Local\Temp
TEMP=C:\Users\DANMAE~1\AppData\Local\Temp




Periodic native trim disabled

JNI global refs:
JNI global refs: 0, weak refs: 0

JNI global refs memory usage: 0, weak refs: 0

Process memory usage:
Resident Set Size: 13560K (0% of 16606976K total physical memory with 1421872K free physical memory)

OOME stack traces (most recent first):
Classloader memory used:

---------------  S Y S T E M  ---------------

OS:
 Windows 11 , 64 bit Build 26100 (10.0.26100.7920)
OS uptime: 1 days 0:09 hours
Hyper-V role detected

CPU: total 8 (initial active 8) (4 cores per cpu, 2 threads per core) family 6 model 140 stepping 1 microcode 0xbe, cx8, cmov, fxsr, ht, mmx, 3dnowpref, sse, sse2, sse3, ssse3, sse4.1, sse4.2, popcnt, lzcnt, tsc, tscinvbit, avx, avx2, aes, erms, clmul, bmi1, bmi2, adx, avx512f, avx512dq, avx512cd, avx512bw, avx512vl, sha, fma, vzeroupper, avx512_vpopcntdq, avx512_vpclmulqdq, avx512_vaes, avx512_vnni, clflush, clflushopt, clwb, avx512_vbmi2, avx512_vbmi, hv, rdtscp, rdpid, fsrm, gfni, avx512_bitalg, f16c, cet_ibt, cet_ss, avx512_ifma
Processor Information for processor 0
  Max Mhz: 2995, Current Mhz: 2995, Mhz Limit: 2995
Processor Information for processor 1
  Max Mhz: 2995, Current Mhz: 2995, Mhz Limit: 2995
Processor Information for processor 2
  Max Mhz: 2995, Current Mhz: 2995, Mhz Limit: 2995
Processor Information for processor 3
  Max Mhz: 2995, Current Mhz: 2995, Mhz Limit: 2995
Processor Information for processor 4
  Max Mhz: 2995, Current Mhz: 1198, Mhz Limit: 2995
Processor Information for processor 5
  Max Mhz: 2995, Current Mhz: 1198, Mhz Limit: 2995
Processor Information for processor 6
  Max Mhz: 2995, Current Mhz: 1198, Mhz Limit: 2995
Processor Information for processor 7
  Max Mhz: 2995, Current Mhz: 2995, Mhz Limit: 2995

Memory: 4k page, system-wide physical 16217M (1388M free)
TotalPageFile size 50809M (AvailPageFile size 92M)
current process WorkingSet (physical memory assigned to process): 13M, peak: 13M
current process commit charge ("private bytes"): 60M, peak: 314M

vm_info: OpenJDK 64-Bit Server VM (21.0.9+-14787801-b1163.94) for windows-amd64 JRE (21.0.9+-14787801-b1163.94), built on 2026-01-27T21:15:44Z by "builder" with MS VC++ 16.10 / 16.11 (VS2019)

END.
